Build started 22/04/2014 23:44:01.
     1>Project "C:\Users\Samael\Desktop\game scripting\Game scripting test 2\SFML template\SFML template.vcxproj" on node 2 (Build target(s)).
     1>ClCompile:
         C:\Program Files\Microsoft Visual Studio 12.0\VC\bin\CL.exe /c /I"C:\libraries\Thor-VS11x32\include" /I"C:\libraries\SFML-2.1-binaries\include" /ZI /nologo /W3 /WX- /sdl /Od /Oy- /D SFML_DYNAMIC /D _MBCS /Gm /EHsc /RTC1 /MDd /GS /fp:precise /Zc:wchar_t /Zc:forScope /Fo"Debug\\" /Fd"Debug\vc120.pdb" /Gd /TP /analyze- /errorReport:prompt main.cpp puig_XML\pugixml.cpp source\Collider.cpp source\CommandQueue.cpp source\Entity.cpp source\GameApp.cpp source\GameState.cpp source\Ghost.cpp source\Image.cpp source\ImageContainer.cpp source\Level.cpp source\LogoState.cpp source\Map.cpp source\MoveableObject.cpp source\Pacman.cpp source\PickupObject.cpp source\Player.cpp source\SceneNode.cpp source\ScreenAffectors.cpp source\ScreenEffect.cpp source\SoundNode.cpp source\StartState.cpp source\State.cpp source\StateStack.cpp source\StaticObject.cpp source\Text.cpp source\Warp.cpp source\World.cpp
         World.cpp
         Warp.cpp
         Text.cpp
         StaticObject.cpp
         StateStack.cpp
         State.cpp
         StartState.cpp
         SoundNode.cpp
         ScreenEffect.cpp
         ScreenAffectors.cpp
         SceneNode.cpp
         Player.cpp
         PickupObject.cpp
         Pacman.cpp
         MoveableObject.cpp
         Map.cpp
         LogoState.cpp
         Level.cpp
         ImageContainer.cpp
         Image.cpp
         Generating Code...
     1>c:\users\samael\desktop\game scripting\game scripting test 2\sfml template\header\ghost.h(103): warning C4715: 'Ghost::getTextureType' : not all control paths return a value
         Compiling...
         Ghost.cpp
         GameState.cpp
         GameApp.cpp
         Entity.cpp
         CommandQueue.cpp
         Collider.cpp
         pugixml.cpp
         main.cpp
         Generating Code...
       Link:
         C:\Program Files\Microsoft Visual Studio 12.0\VC\bin\link.exe /ERRORREPORT:PROMPT /OUT:"C:\Users\Samael\Desktop\game scripting\Game scripting test 2\Debug\SFML template.exe" /INCREMENTAL /NOLOGO /MANIFEST /MANIFESTUAC:"level='asInvoker' uiAccess='false'" /manifest:embed /DEBUG /PDB:"C:\Users\Samael\Desktop\game scripting\Game scripting test 2\Debug\SFML template.pdb" /TLBID:1 /DYNAMICBASE /NXCOMPAT /IMPLIB:"C:\Users\Samael\Desktop\game scripting\Game scripting test 2\Debug\SFML template.lib" /MACHINE:X86 Debug\main.obj
         Debug\pugixml.obj
         Debug\Collider.obj
         Debug\CommandQueue.obj
         Debug\Entity.obj
         Debug\GameApp.obj
         Debug\GameState.obj
         Debug\Ghost.obj
         Debug\Image.obj
         Debug\ImageContainer.obj
         Debug\Level.obj
         Debug\LogoState.obj
         Debug\Map.obj
         Debug\MoveableObject.obj
         Debug\Pacman.obj
         Debug\PickupObject.obj
         Debug\Player.obj
         Debug\SceneNode.obj
         Debug\ScreenAffectors.obj
         Debug\ScreenEffect.obj
         Debug\SoundNode.obj
         Debug\StartState.obj
         Debug\State.obj
         Debug\StateStack.obj
         Debug\StaticObject.obj
         Debug\Text.obj
         Debug\Warp.obj
         Debug\World.obj
     1>Map.obj : error LNK2001: unresolved external symbol "__declspec(dllimport) public: __thiscall sf::Texture::~Texture(void)" (__imp_??1Texture@sf@@QAE@XZ)
     1>ScreenEffect.obj : error LNK2001: unresolved external symbol "__declspec(dllimport) public: __thiscall sf::Texture::~Texture(void)" (__imp_??1Texture@sf@@QAE@XZ)
     1>StartState.obj : error LNK2001: unresolved external symbol "__declspec(dllimport) public: __thiscall sf::Texture::~Texture(void)" (__imp_??1Texture@sf@@QAE@XZ)
     1>main.obj : error LNK2019: unresolved external symbol "__declspec(dllimport) public: __thiscall sf::Texture::~Texture(void)" (__imp_??1Texture@sf@@QAE@XZ) referenced in function "public: void * __thiscall sf::Texture::`scalar deleting destructor'(unsigned int)" (??_GTexture@sf@@QAEPAXI@Z)
     1>GameApp.obj : error LNK2001: unresolved external symbol "__declspec(dllimport) public: __thiscall sf::Texture::~Texture(void)" (__imp_??1Texture@sf@@QAE@XZ)
     1>Level.obj : error LNK2001: unresolved external symbol "__declspec(dllimport) public: __thiscall sf::Texture::~Texture(void)" (__imp_??1Texture@sf@@QAE@XZ)
     1>LogoState.obj : error LNK2001: unresolved external symbol "__declspec(dllimport) public: __thiscall sf::Texture::~Texture(void)" (__imp_??1Texture@sf@@QAE@XZ)
     1>main.obj : error LNK2019: unresolved external symbol "__declspec(dllimport) public: virtual __thiscall sf::RenderWindow::~RenderWindow(void)" (__imp_??1RenderWindow@sf@@UAE@XZ) referenced in function "public: __thiscall GameApp::~GameApp(void)" (??1GameApp@@QAE@XZ)
     1>GameApp.obj : error LNK2001: unresolved external symbol "__declspec(dllimport) public: virtual __thiscall sf::RenderWindow::~RenderWindow(void)" (__imp_??1RenderWindow@sf@@UAE@XZ)
     1>ScreenEffect.obj : error LNK2001: unresolved external symbol "__declspec(dllimport) public: float __thiscall sf::Time::asSeconds(void)const " (__imp_?asSeconds@Time@sf@@QBEMXZ)
     1>Collider.obj : error LNK2019: unresolved external symbol "__declspec(dllimport) public: float __thiscall sf::Time::asSeconds(void)const " (__imp_?asSeconds@Time@sf@@QBEMXZ) referenced in function "public: void __thiscall <lambda_0e1d133c20470a643b9a1aa92b6eae79>::operator()(class SoundNode &,class sf::Time)const " (??R<lambda_0e1d133c20470a643b9a1aa92b6eae79>@@QBEXAAVSoundNode@@VTime@sf@@@Z)
     1>GameState.obj : error LNK2001: unresolved external symbol "__declspec(dllimport) public: float __thiscall sf::Time::asSeconds(void)const " (__imp_?asSeconds@Time@sf@@QBEMXZ)
     1>MoveableObject.obj : error LNK2001: unresolved external symbol "__declspec(dllimport) public: float __thiscall sf::Time::asSeconds(void)const " (__imp_?asSeconds@Time@sf@@QBEMXZ)
     1>Player.obj : error LNK2001: unresolved external symbol "__declspec(dllimport) public: float __thiscall sf::Time::asSeconds(void)const " (__imp_?asSeconds@Time@sf@@QBEMXZ)
     1>PickupObject.obj : error LNK2001: unresolved external symbol "__declspec(dllimport) class sf::Time __cdecl sf::seconds(float)" (__imp_?seconds@sf@@YA?AVTime@1@M@Z)
     1>SoundNode.obj : error LNK2001: unresolved external symbol "__declspec(dllimport) class sf::Time __cdecl sf::seconds(float)" (__imp_?seconds@sf@@YA?AVTime@1@M@Z)
     1>StartState.obj : error LNK2001: unresolved external symbol "__declspec(dllimport) class sf::Time __cdecl sf::seconds(float)" (__imp_?seconds@sf@@YA?AVTime@1@M@Z)
     1>World.obj : error LNK2001: unresolved external symbol "__declspec(dllimport) class sf::Time __cdecl sf::seconds(float)" (__imp_?seconds@sf@@YA?AVTime@1@M@Z)
     1>Image.obj : error LNK2001: unresolved external symbol "__declspec(dllimport) class sf::Time __cdecl sf::seconds(float)" (__imp_?seconds@sf@@YA?AVTime@1@M@Z)
     1>Level.obj : error LNK2019: unresolved external symbol "__declspec(dllimport) class sf::Time __cdecl sf::seconds(float)" (__imp_?seconds@sf@@YA?AVTime@1@M@Z) referenced in function "public: __thiscall std::_Tree_alloc<0,struct std::_Tree_base_types<struct std::pair<enum SoundEffect::Type const ,class std::unique_ptr<class sf::SoundBuffer,struct std::default_delete<class sf::SoundBuffer> > >,class std::allocator<struct std::pair<enum SoundEffect::Type const ,class std::unique_ptr<class sf::SoundBuffer,struct std::default_delete<class sf::SoundBuffer> > > > > >::_Tree_alloc<0,struct std::_Tree_base_types<struct std::pair<enum SoundEffect::Type const ,class std::unique_ptr<class sf::SoundBuffer,struct std::default_delete<class sf::SoundBuffer> > >,class std::allocator<struct std::pair<enum SoundEffect::Type const ,class std::unique_ptr<class sf::SoundBuffer,struct std::default_delete<class sf::SoundBuffer> > > > > >(class std::allocator<struct std::pair<enum SoundEffect::Type const ,class std::unique_ptr<class sf::SoundBuffer,struct std::default_delete<class sf::SoundBuffer> > > > const &)" (??0?$_Tree_alloc@$0A@U?$_Tree_base_types@U?$pair@$$CBW4Type@SoundEffect@@V?$unique_ptr@VSoundBuffer@sf@@U?$default_delete@VSoundBuffer@sf@@@std@@@std@@@std@@V?$allocator@U?$pair@$$CBW4Type@SoundEffect@@V?$unique_ptr@VSoundBuffer@sf@@U?$default_delete@VSoundBuffer@sf@@@std@@@std@@@std@@@2@@std@@@std@@QAE@ABV?$allocator@U?$pair@$$CBW4Type@SoundEffect@@V?$unique_ptr@VSoundBuffer@sf@@U?$default_delete@VSoundBuffer@sf@@@std@@@std@@@std@@@1@@Z)
     1>LogoState.obj : error LNK2001: unresolved external symbol "__declspec(dllimport) class sf::Time __cdecl sf::seconds(float)" (__imp_?seconds@sf@@YA?AVTime@1@M@Z)
     1>Pacman.obj : error LNK2001: unresolved external symbol "__declspec(dllimport) class sf::Time __cdecl sf::seconds(float)" (__imp_?seconds@sf@@YA?AVTime@1@M@Z)
     1>Collider.obj : error LNK2001: unresolved external symbol "__declspec(dllimport) class sf::Time __cdecl sf::seconds(float)" (__imp_?seconds@sf@@YA?AVTime@1@M@Z)
     1>GameApp.obj : error LNK2001: unresolved external symbol "__declspec(dllimport) class sf::Time __cdecl sf::seconds(float)" (__imp_?seconds@sf@@YA?AVTime@1@M@Z)
     1>GameState.obj : error LNK2001: unresolved external symbol "__declspec(dllimport) class sf::Time __cdecl sf::seconds(float)" (__imp_?seconds@sf@@YA?AVTime@1@M@Z)
     1>Ghost.obj : error LNK2001: unresolved external symbol "__declspec(dllimport) class sf::Time __cdecl sf::seconds(float)" (__imp_?seconds@sf@@YA?AVTime@1@M@Z)
     1>Collider.obj : error LNK2019: unresolved external symbol "__declspec(dllimport) public: __thiscall sf::String::String(class std::basic_string<char,struct std::char_traits<char>,class std::allocator<char> > const &,class std::locale const &)" (__imp_??0String@sf@@QAE@ABV?$basic_string@DU?$char_traits@D@std@@V?$allocator@D@2@@std@@ABVlocale@3@@Z) referenced in function "public: void __thiscall Text::setText(class std::basic_string<char,struct std::char_traits<char>,class std::allocator<char> >)" (?setText@Text@@QAEXV?$basic_string@DU?$char_traits@D@std@@V?$allocator@D@2@@std@@@Z)
     1>Text.obj : error LNK2001: unresolved external symbol "__declspec(dllimport) public: __thiscall sf::String::String(class std::basic_string<char,struct std::char_traits<char>,class std::allocator<char> > const &,class std::locale const &)" (__imp_??0String@sf@@QAE@ABV?$basic_string@DU?$char_traits@D@std@@V?$allocator@D@2@@std@@ABVlocale@3@@Z)
     1>Collider.obj : error LNK2019: unresolved external symbol "__declspec(dllimport) public: __thiscall sf::String::~String(void)" (__imp_??1String@sf@@QAE@XZ) referenced in function "public: void __thiscall Text::setText(class std::basic_string<char,struct std::char_traits<char>,class std::allocator<char> >)" (?setText@Text@@QAEXV?$basic_string@DU?$char_traits@D@std@@V?$allocator@D@2@@std@@@Z)
     1>GameApp.obj : error LNK2001: unresolved external symbol "__declspec(dllimport) public: __thiscall sf::String::~String(void)" (__imp_??1String@sf@@QAE@XZ)
     1>Text.obj : error LNK2001: unresolved external symbol "__declspec(dllimport) public: __thiscall sf::String::~String(void)" (__imp_??1String@sf@@QAE@XZ)
     1>Collider.obj : error LNK2019: unresolved external symbol "__declspec(dllimport) public: __thiscall sf::Color::Color(unsigned char,unsigned char,unsigned char,unsigned char)" (__imp_??0Color@sf@@QAE@EEEE@Z) referenced in function "public: void __thiscall <lambda_b663cc925e31e851e5232655ce8682fa>::operator()(class Pacman &,class Ghost &)const " (??R<lambda_b663cc925e31e851e5232655ce8682fa>@@QBEXAAVPacman@@AAVGhost@@@Z)
     1>GameApp.obj : error LNK2001: unresolved external symbol "__declspec(dllimport) public: __thiscall sf::Color::Color(unsigned char,unsigned char,unsigned char,unsigned char)" (__imp_??0Color@sf@@QAE@EEEE@Z)
     1>Level.obj : error LNK2001: unresolved external symbol "__declspec(dllimport) public: __thiscall sf::Color::Color(unsigned char,unsigned char,unsigned char,unsigned char)" (__imp_??0Color@sf@@QAE@EEEE@Z)
     1>ScreenAffectors.obj : error LNK2001: unresolved external symbol "__declspec(dllimport) public: __thiscall sf::Color::Color(unsigned char,unsigned char,unsigned char,unsigned char)" (__imp_??0Color@sf@@QAE@EEEE@Z)
     1>Pacman.obj : error LNK2001: unresolved external symbol "__declspec(dllimport) public: void __thiscall sf::Transformable::setPosition(class sf::Vector2<float> const &)" (__imp_?setPosition@Transformable@sf@@QAEXABV?$Vector2@M@2@@Z)
     1>StartState.obj : error LNK2001: unresolved external symbol "__declspec(dllimport) public: void __thiscall sf::Transformable::setPosition(class sf::Vector2<float> const &)" (__imp_?setPosition@Transformable@sf@@QAEXABV?$Vector2@M@2@@Z)
     1>Level.obj : error LNK2019: unresolved external symbol "__declspec(dllimport) public: void __thiscall sf::Transformable::setPosition(class sf::Vector2<float> const &)" (__imp_?setPosition@Transformable@sf@@QAEXABV?$Vector2@M@2@@Z) referenced in function "public: __thiscall std::unique_ptr<class Text,struct std::default_delete<class Text> >::~unique_ptr<class Text,struct std::default_delete<class Text> >(void)" (??1?$unique_ptr@VText@@U?$default_delete@VText@@@std@@@std@@QAE@XZ)
     1>LogoState.obj : error LNK2001: unresolved external symbol "__declspec(dllimport) public: void __thiscall sf::Transformable::setPosition(class sf::Vector2<float> const &)" (__imp_?setPosition@Transformable@sf@@QAEXABV?$Vector2@M@2@@Z)
     1>Map.obj : error LNK2001: unresolved external symbol "__declspec(dllimport) public: void __thiscall sf::Transformable::setPosition(class sf::Vector2<float> const &)" (__imp_?setPosition@Transformable@sf@@QAEXABV?$Vector2@M@2@@Z)
     1>MoveableObject.obj : error LNK2001: unresolved external symbol "__declspec(dllimport) public: void __thiscall sf::Transformable::setPosition(class sf::Vector2<float> const &)" (__imp_?setPosition@Transformable@sf@@QAEXABV?$Vector2@M@2@@Z)
     1>Collider.obj : error LNK2001: unresolved external symbol "__declspec(dllimport) public: void __thiscall sf::Transformable::setPosition(class sf::Vector2<float> const &)" (__imp_?setPosition@Transformable@sf@@QAEXABV?$Vector2@M@2@@Z)
     1>Ghost.obj : error LNK2001: unresolved external symbol "__declspec(dllimport) public: void __thiscall sf::Transformable::setPosition(class sf::Vector2<float> const &)" (__imp_?setPosition@Transformable@sf@@QAEXABV?$Vector2@M@2@@Z)
     1>Image.obj : error LNK2001: unresolved external symbol "__declspec(dllimport) public: void __thiscall sf::Transformable::setPosition(class sf::Vector2<float> const &)" (__imp_?setPosition@Transformable@sf@@QAEXABV?$Vector2@M@2@@Z)
     1>ImageContainer.obj : error LNK2001: unresolved external symbol "__declspec(dllimport) public: void __thiscall sf::Transformable::setPosition(class sf::Vector2<float> const &)" (__imp_?setPosition@Transformable@sf@@QAEXABV?$Vector2@M@2@@Z)
     1>MoveableObject.obj : error LNK2001: unresolved external symbol "__declspec(dllimport) public: class sf::Vector2<float> const & __thiscall sf::Transformable::getPosition(void)const " (__imp_?getPosition@Transformable@sf@@QBEABV?$Vector2@M@2@XZ)
     1>Collider.obj : error LNK2019: unresolved external symbol "__declspec(dllimport) public: class sf::Vector2<float> const & __thiscall sf::Transformable::getPosition(void)const " (__imp_?getPosition@Transformable@sf@@QBEABV?$Vector2@M@2@XZ) referenced in function "public: void __thiscall <lambda_b663cc925e31e851e5232655ce8682fa>::operator()(class Pacman &,class Ghost &)const " (??R<lambda_b663cc925e31e851e5232655ce8682fa>@@QBEXAAVPacman@@AAVGhost@@@Z)
     1>Image.obj : error LNK2001: unresolved external symbol "__declspec(dllimport) public: class sf::Vector2<float> const & __thiscall sf::Transformable::getPosition(void)const " (__imp_?getPosition@Transformable@sf@@QBEABV?$Vector2@M@2@XZ)
     1>ImageContainer.obj : error LNK2001: unresolved external symbol "__declspec(dllimport) public: class sf::Vector2<float> const & __thiscall sf::Transformable::getPosition(void)const " (__imp_?getPosition@Transformable@sf@@QBEABV?$Vector2@M@2@XZ)
     1>Level.obj : error LNK2001: unresolved external symbol "__declspec(dllimport) public: class sf::Vector2<float> const & __thiscall sf::Transformable::getPosition(void)const " (__imp_?getPosition@Transformable@sf@@QBEABV?$Vector2@M@2@XZ)
     1>Collider.obj : error LNK2019: unresolved external symbol "__declspec(dllimport) public: void __thiscall sf::Text::setString(class sf::String const &)" (__imp_?setString@Text@sf@@QAEXABVString@2@@Z) referenced in function "public: void __thiscall Text::setText(class std::basic_string<char,struct std::char_traits<char>,class std::allocator<char> >)" (?setText@Text@@QAEXV?$basic_string@DU?$char_traits@D@std@@V?$allocator@D@2@@std@@@Z)
     1>Text.obj : error LNK2001: unresolved external symbol "__declspec(dllimport) public: void __thiscall sf::Text::setString(class sf::String const &)" (__imp_?setString@Text@sf@@QAEXABVString@2@@Z)
     1>Entity.obj : error LNK2019: unresolved external symbol "__declspec(dllimport) public: class sf::Rect<float> __thiscall sf::Transform::transformRect(class sf::Rect<float> const &)const " (__imp_?transformRect@Transform@sf@@QBE?AV?$Rect@M@2@ABV32@@Z) referenced in function "public: class sf::Rect<float> __thiscall Entity::getGlobalRect(void)" (?getGlobalRect@Entity@@QAE?AV?$Rect@M@sf@@XZ)
     1>ImageContainer.obj : error LNK2001: unresolved external symbol "__declspec(dllimport) public: class sf::Rect<float> __thiscall sf::Transform::transformRect(class sf::Rect<float> const &)const " (__imp_?transformRect@Transform@sf@@QBE?AV?$Rect@M@2@ABV32@@Z)
     1>Warp.obj : error LNK2001: unresolved external symbol "__declspec(dllimport) public: class sf::Rect<float> __thiscall sf::Transform::transformRect(class sf::Rect<float> const &)const " (__imp_?transformRect@Transform@sf@@QBE?AV?$Rect@M@2@ABV32@@Z)
     1>StartState.obj : error LNK2001: unresolved external symbol "__declspec(dllimport) public: void __thiscall sf::Transformable::scale(class sf::Vector2<float> const &)" (__imp_?scale@Transformable@sf@@QAEXABV?$Vector2@M@2@@Z)
     1>Entity.obj : error LNK2019: unresolved external symbol "__declspec(dllimport) public: void __thiscall sf::Transformable::scale(class sf::Vector2<float> const &)" (__imp_?scale@Transformable@sf@@QAEXABV?$Vector2@M@2@@Z) referenced in function "public: void __thiscall Entity::scaleEntity(class sf::Vector2<float>)" (?scaleEntity@Entity@@QAEXV?$Vector2@M@sf@@@Z)
     1>Level.obj : error LNK2001: unresolved external symbol "__declspec(dllimport) public: void __thiscall sf::Transformable::scale(class sf::Vector2<float> const &)" (__imp_?scale@Transformable@sf@@QAEXABV?$Vector2@M@2@@Z)
     1>LogoState.obj : error LNK2001: unresolved external symbol "__declspec(dllimport) public: void __thiscall sf::Transformable::scale(class sf::Vector2<float> const &)" (__imp_?scale@Transformable@sf@@QAEXABV?$Vector2@M@2@@Z)
     1>Map.obj : error LNK2001: unresolved external symbol "__declspec(dllimport) public: void __thiscall sf::Transformable::scale(class sf::Vector2<float> const &)" (__imp_?scale@Transformable@sf@@QAEXABV?$Vector2@M@2@@Z)
     1>Entity.obj : error LNK2019: unresolved external symbol "__declspec(dllimport) public: __thiscall sf::Sprite::Sprite(class sf::Texture const &)" (__imp_??0Sprite@sf@@QAE@ABVTexture@1@@Z) referenced in function "public: __thiscall Entity::Entity(class sf::Texture &)" (??0Entity@@QAE@AAVTexture@sf@@@Z)
     1>Image.obj : error LNK2001: unresolved external symbol "__declspec(dllimport) public: __thiscall sf::Sprite::Sprite(class sf::Texture const &)" (__imp_??0Sprite@sf@@QAE@ABVTexture@1@@Z)
     1>ScreenEffect.obj : error LNK2001: unresolved external symbol "__declspec(dllimport) public: __thiscall sf::Sprite::Sprite(class sf::Texture const &)" (__imp_??0Sprite@sf@@QAE@ABVTexture@1@@Z)
     1>Entity.obj : error LNK2019: unresolved external symbol "__declspec(dllimport) public: class sf::Rect<float> __thiscall sf::Sprite::getGlobalBounds(void)const " (__imp_?getGlobalBounds@Sprite@sf@@QBE?AV?$Rect@M@2@XZ) referenced in function "public: class sf::Rect<float> __thiscall Entity::getGlobalRect(void)" (?getGlobalRect@Entity@@QAE?AV?$Rect@M@sf@@XZ)
     1>ImageContainer.obj : error LNK2001: unresolved external symbol "__declspec(dllimport) public: class sf::Rect<float> __thiscall sf::Sprite::getGlobalBounds(void)const " (__imp_?getGlobalBounds@Sprite@sf@@QBE?AV?$Rect@M@2@XZ)
     1>Pacman.obj : error LNK2001: unresolved external symbol "__declspec(dllimport) public: virtual __thiscall sf::Sprite::~Sprite(void)" (__imp_??1Sprite@sf@@UAE@XZ)
     1>ScreenEffect.obj : error LNK2001: unresolved external symbol "__declspec(dllimport) public: virtual __thiscall sf::Sprite::~Sprite(void)" (__imp_??1Sprite@sf@@UAE@XZ)
     1>StartState.obj : error LNK2001: unresolved external symbol "__declspec(dllimport) public: virtual __thiscall sf::Sprite::~Sprite(void)" (__imp_??1Sprite@sf@@UAE@XZ)
     1>Entity.obj : error LNK2019: unresolved external symbol "__declspec(dllimport) public: virtual __thiscall sf::Sprite::~Sprite(void)" (__imp_??1Sprite@sf@@UAE@XZ) referenced in function __unwindfunclet$??0Entity@@QAE@AAVTexture@sf@@@Z$1
     1>Ghost.obj : error LNK2001: unresolved external symbol "__declspec(dllimport) public: virtual __thiscall sf::Sprite::~Sprite(void)" (__imp_??1Sprite@sf@@UAE@XZ)
     1>Image.obj : error LNK2001: unresolved external symbol "__declspec(dllimport) public: virtual __thiscall sf::Sprite::~Sprite(void)" (__imp_??1Sprite@sf@@UAE@XZ)
     1>LogoState.obj : error LNK2001: unresolved external symbol "__declspec(dllimport) public: virtual __thiscall sf::Sprite::~Sprite(void)" (__imp_??1Sprite@sf@@UAE@XZ)
     1>GameApp.obj : error LNK2019: unresolved external symbol "__declspec(dllimport) public: __thiscall sf::Time::Time(void)" (__imp_??0Time@sf@@QAE@XZ) referenced in function "public: void __thiscall GameApp::run(void)" (?run@GameApp@@QAEXXZ)
     1>LogoState.obj : error LNK2001: unresolved external symbol "__declspec(dllimport) public: __thiscall sf::Time::Time(void)" (__imp_??0Time@sf@@QAE@XZ)
     1>ScreenEffect.obj : error LNK2001: unresolved external symbol "__declspec(dllimport) public: __thiscall sf::Time::Time(void)" (__imp_??0Time@sf@@QAE@XZ)
     1>SoundNode.obj : error LNK2001: unresolved external symbol "__declspec(dllimport) public: __thiscall sf::Time::Time(void)" (__imp_??0Time@sf@@QAE@XZ)
     1>GameApp.obj : error LNK2019: unresolved external symbol "__declspec(dllimport) bool __cdecl sf::operator>=(class sf::Time,class sf::Time)" (__imp_??Psf@@YA_NVTime@0@0@Z) referenced in function "public: void __thiscall GameApp::run(void)" (?run@GameApp@@QAEXXZ)
     1>GameApp.obj : error LNK2019: unresolved external symbol "__declspec(dllimport) class sf::Time & __cdecl sf::operator+=(class sf::Time &,class sf::Time)" (__imp_??Ysf@@YAAAVTime@0@AAV10@V10@@Z) referenced in function "public: void __thiscall GameApp::run(void)" (?run@GameApp@@QAEXXZ)
     1>ScreenAffectors.obj : error LNK2001: unresolved external symbol "__declspec(dllimport) class sf::Time & __cdecl sf::operator+=(class sf::Time &,class sf::Time)" (__imp_??Ysf@@YAAAVTime@0@AAV10@V10@@Z)
     1>SceneNode.obj : error LNK2001: unresolved external symbol "__declspec(dllimport) class sf::Time & __cdecl sf::operator-=(class sf::Time &,class sf::Time)" (__imp_??Zsf@@YAAAVTime@0@AAV10@V10@@Z)
     1>SoundNode.obj : error LNK2001: unresolved external symbol "__declspec(dllimport) class sf::Time & __cdecl sf::operator-=(class sf::Time &,class sf::Time)" (__imp_??Zsf@@YAAAVTime@0@AAV10@V10@@Z)
     1>StartState.obj : error LNK2001: unresolved external symbol "__declspec(dllimport) class sf::Time & __cdecl sf::operator-=(class sf::Time &,class sf::Time)" (__imp_??Zsf@@YAAAVTime@0@AAV10@V10@@Z)
     1>Text.obj : error LNK2001: unresolved external symbol "__declspec(dllimport) class sf::Time & __cdecl sf::operator-=(class sf::Time &,class sf::Time)" (__imp_??Zsf@@YAAAVTime@0@AAV10@V10@@Z)
     1>LogoState.obj : error LNK2001: unresolved external symbol "__declspec(dllimport) class sf::Time & __cdecl sf::operator-=(class sf::Time &,class sf::Time)" (__imp_??Zsf@@YAAAVTime@0@AAV10@V10@@Z)
     1>Map.obj : error LNK2019: unresolved external symbol "__declspec(dllimport) class sf::Time & __cdecl sf::operator-=(class sf::Time &,class sf::Time)" (__imp_??Zsf@@YAAAVTime@0@AAV10@V10@@Z) referenced in function "struct std::random_access_iterator_tag __cdecl std::_Iter_cat<class std::vector<int,class std::allocator<int> > *>(class std::vector<int,class std::allocator<int> > * const &)" (??$_Iter_cat@PAV?$vector@HV?$allocator@H@std@@@std@@@std@@YA?AUrandom_access_iterator_tag@0@ABQAV?$vector@HV?$allocator@H@std@@@0@@Z)
     1>Pacman.obj : error LNK2001: unresolved external symbol "__declspec(dllimport) class sf::Time & __cdecl sf::operator-=(class sf::Time &,class sf::Time)" (__imp_??Zsf@@YAAAVTime@0@AAV10@V10@@Z)
     1>PickupObject.obj : error LNK2001: unresolved external symbol "__declspec(dllimport) class sf::Time & __cdecl sf::operator-=(class sf::Time &,class sf::Time)" (__imp_??Zsf@@YAAAVTime@0@AAV10@V10@@Z)
     1>GameApp.obj : error LNK2001: unresolved external symbol "__declspec(dllimport) class sf::Time & __cdecl sf::operator-=(class sf::Time &,class sf::Time)" (__imp_??Zsf@@YAAAVTime@0@AAV10@V10@@Z)
     1>GameState.obj : error LNK2001: unresolved external symbol "__declspec(dllimport) class sf::Time & __cdecl sf::operator-=(class sf::Time &,class sf::Time)" (__imp_??Zsf@@YAAAVTime@0@AAV10@V10@@Z)
     1>Ghost.obj : error LNK2001: unresolved external symbol "__declspec(dllimport) class sf::Time & __cdecl sf::operator-=(class sf::Time &,class sf::Time)" (__imp_??Zsf@@YAAAVTime@0@AAV10@V10@@Z)
     1>Image.obj : error LNK2001: unresolved external symbol "__declspec(dllimport) class sf::Time & __cdecl sf::operator-=(class sf::Time &,class sf::Time)" (__imp_??Zsf@@YAAAVTime@0@AAV10@V10@@Z)
     1>GameApp.obj : error LNK2019: unresolved external symbol "__declspec(dllimport) public: __thiscall sf::Clock::Clock(void)" (__imp_??0Clock@sf@@QAE@XZ) referenced in function "public: void __thiscall GameApp::run(void)" (?run@GameApp@@QAEXXZ)
     1>GameApp.obj : error LNK2019: unresolved external symbol "__declspec(dllimport) public: class sf::Time __thiscall sf::Clock::restart(void)" (__imp_?restart@Clock@sf@@QAE?AVTime@2@XZ) referenced in function "public: void __thiscall GameApp::run(void)" (?run@GameApp@@QAEXXZ)
     1>GameApp.obj : error LNK2019: unresolved external symbol "__declspec(dllimport) public: __thiscall sf::String::String(char const *,class std::locale const &)" (__imp_??0String@sf@@QAE@PBDABVlocale@std@@@Z) referenced in function "public: __thiscall GameApp::GameApp(void)" (??0GameApp@@QAE@XZ)
     1>GameApp.obj : error LNK2019: unresolved external symbol "__declspec(dllimport) public: static bool __cdecl sf::Keyboard::isKeyPressed(enum sf::Keyboard::Key)" (__imp_?isKeyPressed@Keyboard@sf@@SA_NW4Key@12@@Z) referenced in function "public: void __thiscall GameApp::readInput(void)" (?readInput@GameApp@@QAEXXZ)
     1>Player.obj : error LNK2001: unresolved external symbol "__declspec(dllimport) public: static bool __cdecl sf::Keyboard::isKeyPressed(enum sf::Keyboard::Key)" (__imp_?isKeyPressed@Keyboard@sf@@SA_NW4Key@12@@Z)
     1>GameApp.obj : error LNK2019: unresolved external symbol "__declspec(dllimport) public: static class sf::VideoMode __cdecl sf::VideoMode::getDesktopMode(void)" (__imp_?getDesktopMode@VideoMode@sf@@SA?AV12@XZ) referenced in function "public: __thiscall GameApp::GameApp(void)" (??0GameApp@@QAE@XZ)
     1>GameApp.obj : error LNK2019: unresolved external symbol "__declspec(dllimport) public: void __thiscall sf::Window::close(void)" (__imp_?close@Window@sf@@QAEXXZ) referenced in function "public: void __thiscall GameApp::readInput(void)" (?readInput@GameApp@@QAEXXZ)
     1>GameApp.obj : error LNK2019: unresolved external symbol "__declspec(dllimport) public: bool __thiscall sf::Window::isOpen(void)const " (__imp_?isOpen@Window@sf@@QBE_NXZ) referenced in function "public: void __thiscall GameApp::run(void)" (?run@GameApp@@QAEXXZ)
     1>GameApp.obj : error LNK2019: unresolved external symbol "__declspec(dllimport) public: bool __thiscall sf::Window::pollEvent(class sf::Event &)" (__imp_?pollEvent@Window@sf@@QAE_NAAVEvent@2@@Z) referenced in function "public: void __thiscall GameApp::readInput(void)" (?readInput@GameApp@@QAEXXZ)
     1>GameApp.obj : error LNK2019: unresolved external symbol "__declspec(dllimport) public: void __thiscall sf::Window::setVerticalSyncEnabled(bool)" (__imp_?setVerticalSyncEnabled@Window@sf@@QAEX_N@Z) referenced in function "public: __thiscall GameApp::GameApp(void)" (??0GameApp@@QAE@XZ)
     1>GameApp.obj : error LNK2019: unresolved external symbol "__declspec(dllimport) public: void __thiscall sf::Window::display(void)" (__imp_?display@Window@sf@@QAEXXZ) referenced in function "public: void __thiscall GameApp::render(void)" (?render@GameApp@@QAEXXZ)
     1>GameApp.obj : error LNK2019: unresolved external symbol "__declspec(dllimport) public: __thiscall sf::View::View(void)" (__imp_??0View@sf@@QAE@XZ) referenced in function "public: __thiscall GameApp::GameApp(void)" (??0GameApp@@QAE@XZ)
     1>GameApp.obj : error LNK2019: unresolved external symbol "__declspec(dllimport) public: void __thiscall sf::View::setCenter(float,float)" (__imp_?setCenter@View@sf@@QAEXMM@Z) referenced in function "public: __thiscall GameApp::GameApp(void)" (??0GameApp@@QAE@XZ)
     1>GameApp.obj : error LNK2019: unresolved external symbol "__declspec(dllimport) public: void __thiscall sf::View::setSize(class sf::Vector2<float> const &)" (__imp_?setSize@View@sf@@QAEXABV?$Vector2@M@2@@Z) referenced in function "public: __thiscall GameApp::GameApp(void)" (??0GameApp@@QAE@XZ)
     1>GameApp.obj : error LNK2019: unresolved external symbol "__declspec(dllimport) public: void __thiscall sf::RenderTarget::clear(class sf::Color const &)" (__imp_?clear@RenderTarget@sf@@QAEXABVColor@2@@Z) referenced in function "public: void __thiscall GameApp::render(void)" (?render@GameApp@@QAEXXZ)
     1>GameApp.obj : error LNK2019: unresolved external symbol "__declspec(dllimport) public: void __thiscall sf::RenderTarget::setView(class sf::View const &)" (__imp_?setView@RenderTarget@sf@@QAEXABVView@2@@Z) referenced in function "public: __thiscall GameApp::GameApp(void)" (??0GameApp@@QAE@XZ)
     1>GameApp.obj : error LNK2019: unresolved external symbol "__declspec(dllimport) public: void __thiscall sf::RenderTarget::resetGLStates(void)" (__imp_?resetGLStates@RenderTarget@sf@@QAEXXZ) referenced in function "public: __thiscall GameApp::GameApp(void)" (??0GameApp@@QAE@XZ)
     1>GameApp.obj : error LNK2019: unresolved external symbol "__declspec(dllimport) public: __thiscall sf::RenderWindow::RenderWindow(class sf::VideoMode,class sf::String const &,unsigned int,struct sf::ContextSettings const &)" (__imp_??0RenderWindow@sf@@QAE@VVideoMode@1@ABVString@1@IABUContextSettings@1@@Z) referenced in function "public: __thiscall GameApp::GameApp(void)" (??0GameApp@@QAE@XZ)
     1>State.obj : error LNK2001: unresolved external symbol "__declspec(dllimport) public: static class sf::Time const sf::Time::Zero" (__imp_?Zero@Time@sf@@2V12@B)
     1>Text.obj : error LNK2001: unresolved external symbol "__declspec(dllimport) public: static class sf::Time const sf::Time::Zero" (__imp_?Zero@Time@sf@@2V12@B)
     1>SceneNode.obj : error LNK2001: unresolved external symbol "__declspec(dllimport) public: static class sf::Time const sf::Time::Zero" (__imp_?Zero@Time@sf@@2V12@B)
     1>ScreenEffect.obj : error LNK2001: unresolved external symbol "__declspec(dllimport) public: static class sf::Time const sf::Time::Zero" (__imp_?Zero@Time@sf@@2V12@B)
     1>SoundNode.obj : error LNK2001: unresolved external symbol "__declspec(dllimport) public: static class sf::Time const sf::Time::Zero" (__imp_?Zero@Time@sf@@2V12@B)
     1>StartState.obj : error LNK2001: unresolved external symbol "__declspec(dllimport) public: static class sf::Time const sf::Time::Zero" (__imp_?Zero@Time@sf@@2V12@B)
     1>LogoState.obj : error LNK2001: unresolved external symbol "__declspec(dllimport) public: static class sf::Time const sf::Time::Zero" (__imp_?Zero@Time@sf@@2V12@B)
     1>Map.obj : error LNK2001: unresolved external symbol "__declspec(dllimport) public: static class sf::Time const sf::Time::Zero" (__imp_?Zero@Time@sf@@2V12@B)
     1>Pacman.obj : error LNK2001: unresolved external symbol "__declspec(dllimport) public: static class sf::Time const sf::Time::Zero" (__imp_?Zero@Time@sf@@2V12@B)
     1>PickupObject.obj : error LNK2001: unresolved external symbol "__declspec(dllimport) public: static class sf::Time const sf::Time::Zero" (__imp_?Zero@Time@sf@@2V12@B)
     1>GameApp.obj : error LNK2001: unresolved external symbol "__declspec(dllimport) public: static class sf::Time const sf::Time::Zero" (__imp_?Zero@Time@sf@@2V12@B)
     1>GameState.obj : error LNK2001: unresolved external symbol "__declspec(dllimport) public: static class sf::Time const sf::Time::Zero" (__imp_?Zero@Time@sf@@2V12@B)
     1>Ghost.obj : error LNK2001: unresolved external symbol "__declspec(dllimport) public: static class sf::Time const sf::Time::Zero" (__imp_?Zero@Time@sf@@2V12@B)
     1>Image.obj : error LNK2001: unresolved external symbol "__declspec(dllimport) public: static class sf::Time const sf::Time::Zero" (__imp_?Zero@Time@sf@@2V12@B)
     1>SoundNode.obj : error LNK2001: unresolved external symbol "__declspec(dllimport) bool __cdecl sf::operator<=(class sf::Time,class sf::Time)" (__imp_??Nsf@@YA_NVTime@0@0@Z)
     1>StartState.obj : error LNK2001: unresolved external symbol "__declspec(dllimport) bool __cdecl sf::operator<=(class sf::Time,class sf::Time)" (__imp_??Nsf@@YA_NVTime@0@0@Z)
     1>Text.obj : error LNK2001: unresolved external symbol "__declspec(dllimport) bool __cdecl sf::operator<=(class sf::Time,class sf::Time)" (__imp_??Nsf@@YA_NVTime@0@0@Z)
     1>Map.obj : error LNK2001: unresolved external symbol "__declspec(dllimport) bool __cdecl sf::operator<=(class sf::Time,class sf::Time)" (__imp_??Nsf@@YA_NVTime@0@0@Z)
     1>Pacman.obj : error LNK2001: unresolved external symbol "__declspec(dllimport) bool __cdecl sf::operator<=(class sf::Time,class sf::Time)" (__imp_??Nsf@@YA_NVTime@0@0@Z)
     1>PickupObject.obj : error LNK2001: unresolved external symbol "__declspec(dllimport) bool __cdecl sf::operator<=(class sf::Time,class sf::Time)" (__imp_??Nsf@@YA_NVTime@0@0@Z)
     1>SceneNode.obj : error LNK2001: unresolved external symbol "__declspec(dllimport) bool __cdecl sf::operator<=(class sf::Time,class sf::Time)" (__imp_??Nsf@@YA_NVTime@0@0@Z)
     1>GameState.obj : error LNK2019: unresolved external symbol "__declspec(dllimport) bool __cdecl sf::operator<=(class sf::Time,class sf::Time)" (__imp_??Nsf@@YA_NVTime@0@0@Z) referenced in function "public: virtual void __thiscall GameState::enterUpdate(class sf::Time)" (?enterUpdate@GameState@@UAEXVTime@sf@@@Z)
     1>Ghost.obj : error LNK2001: unresolved external symbol "__declspec(dllimport) bool __cdecl sf::operator<=(class sf::Time,class sf::Time)" (__imp_??Nsf@@YA_NVTime@0@0@Z)
     1>Image.obj : error LNK2001: unresolved external symbol "__declspec(dllimport) bool __cdecl sf::operator<=(class sf::Time,class sf::Time)" (__imp_??Nsf@@YA_NVTime@0@0@Z)
     1>LogoState.obj : error LNK2001: unresolved external symbol "__declspec(dllimport) bool __cdecl sf::operator<=(class sf::Time,class sf::Time)" (__imp_??Nsf@@YA_NVTime@0@0@Z)
     1>Text.obj : error LNK2001: unresolved external symbol "__declspec(dllimport) public: void __thiscall sf::RenderTarget::draw(class sf::Drawable const &,class sf::RenderStates const &)" (__imp_?draw@RenderTarget@sf@@QAEXABVDrawable@2@ABVRenderStates@2@@Z)
     1>World.obj : error LNK2001: unresolved external symbol "__declspec(dllimport) public: void __thiscall sf::RenderTarget::draw(class sf::Drawable const &,class sf::RenderStates const &)" (__imp_?draw@RenderTarget@sf@@QAEXABVDrawable@2@ABVRenderStates@2@@Z)
     1>Pacman.obj : error LNK2001: unresolved external symbol "__declspec(dllimport) public: void __thiscall sf::RenderTarget::draw(class sf::Drawable const &,class sf::RenderStates const &)" (__imp_?draw@RenderTarget@sf@@QAEXABVDrawable@2@ABVRenderStates@2@@Z)
     1>PickupObject.obj : error LNK2001: unresolved external symbol "__declspec(dllimport) public: void __thiscall sf::RenderTarget::draw(class sf::Drawable const &,class sf::RenderStates const &)" (__imp_?draw@RenderTarget@sf@@QAEXABVDrawable@2@ABVRenderStates@2@@Z)
     1>ScreenEffect.obj : error LNK2001: unresolved external symbol "__declspec(dllimport) public: void __thiscall sf::RenderTarget::draw(class sf::Drawable const &,class sf::RenderStates const &)" (__imp_?draw@RenderTarget@sf@@QAEXABVDrawable@2@ABVRenderStates@2@@Z)
     1>StartState.obj : error LNK2001: unresolved external symbol "__declspec(dllimport) public: void __thiscall sf::RenderTarget::draw(class sf::Drawable const &,class sf::RenderStates const &)" (__imp_?draw@RenderTarget@sf@@QAEXABVDrawable@2@ABVRenderStates@2@@Z)
     1>Ghost.obj : error LNK2019: unresolved external symbol "__declspec(dllimport) public: void __thiscall sf::RenderTarget::draw(class sf::Drawable const &,class sf::RenderStates const &)" (__imp_?draw@RenderTarget@sf@@QAEXABVDrawable@2@ABVRenderStates@2@@Z) referenced in function "public: virtual void __thiscall Ghost::drawCurrent(class sf::RenderTarget &,class sf::RenderStates)const " (?drawCurrent@Ghost@@UBEXAAVRenderTarget@sf@@VRenderStates@3@@Z)
     1>Image.obj : error LNK2001: unresolved external symbol "__declspec(dllimport) public: void __thiscall sf::RenderTarget::draw(class sf::Drawable const &,class sf::RenderStates const &)" (__imp_?draw@RenderTarget@sf@@QAEXABVDrawable@2@ABVRenderStates@2@@Z)
     1>LogoState.obj : error LNK2001: unresolved external symbol "__declspec(dllimport) public: void __thiscall sf::RenderTarget::draw(class sf::Drawable const &,class sf::RenderStates const &)" (__imp_?draw@RenderTarget@sf@@QAEXABVDrawable@2@ABVRenderStates@2@@Z)
     1>Map.obj : error LNK2001: unresolved external symbol "__declspec(dllimport) public: void __thiscall sf::RenderTarget::draw(class sf::Drawable const &,class sf::RenderStates const &)" (__imp_?draw@RenderTarget@sf@@QAEXABVDrawable@2@ABVRenderStates@2@@Z)
     1>Ghost.obj : error LNK2019: unresolved external symbol "__declspec(dllimport) public: void __thiscall sf::Transformable::setOrigin(float,float)" (__imp_?setOrigin@Transformable@sf@@QAEXMM@Z) referenced in function "public: __thiscall Ghost::Ghost(enum GhostType)" (??0Ghost@@QAE@W4GhostType@@@Z)
     1>Pacman.obj : error LNK2001: unresolved external symbol "__declspec(dllimport) public: void __thiscall sf::Transformable::setOrigin(float,float)" (__imp_?setOrigin@Transformable@sf@@QAEXMM@Z)
     1>PickupObject.obj : error LNK2001: unresolved external symbol "__declspec(dllimport) public: void __thiscall sf::Transformable::setOrigin(float,float)" (__imp_?setOrigin@Transformable@sf@@QAEXMM@Z)
     1>StartState.obj : error LNK2001: unresolved external symbol "__declspec(dllimport) public: __thiscall sf::Sprite::Sprite(void)" (__imp_??0Sprite@sf@@QAE@XZ)
     1>Ghost.obj : error LNK2019: unresolved external symbol "__declspec(dllimport) public: __thiscall sf::Sprite::Sprite(void)" (__imp_??0Sprite@sf@@QAE@XZ) referenced in function "public: __thiscall Entity::Entity(void)" (??0Entity@@QAE@XZ)
     1>LogoState.obj : error LNK2001: unresolved external symbol "__declspec(dllimport) public: __thiscall sf::Sprite::Sprite(void)" (__imp_??0Sprite@sf@@QAE@XZ)
     1>Pacman.obj : error LNK2001: unresolved external symbol "__declspec(dllimport) public: __thiscall sf::Sprite::Sprite(void)" (__imp_??0Sprite@sf@@QAE@XZ)
     1>ScreenEffect.obj : error LNK2001: unresolved external symbol "__declspec(dllimport) public: __thiscall sf::Sprite::Sprite(void)" (__imp_??0Sprite@sf@@QAE@XZ)
     1>Ghost.obj : error LNK2019: unresolved external symbol "__declspec(dllimport) public: void __thiscall sf::Sprite::setTextureRect(class sf::Rect<int> const &)" (__imp_?setTextureRect@Sprite@sf@@QAEXABV?$Rect@H@2@@Z) referenced in function "public: void __thiscall ga::Animation<enum GhostAnimations>::addFrame(enum GhostAnimations,class sf::Rect<int>)" (?addFrame@?$Animation@W4GhostAnimations@@@ga@@QAEXW4GhostAnimations@@V?$Rect@H@sf@@@Z)
     1>Pacman.obj : error LNK2001: unresolved external symbol "__declspec(dllimport) public: void __thiscall sf::Sprite::setTextureRect(class sf::Rect<int> const &)" (__imp_?setTextureRect@Sprite@sf@@QAEXABV?$Rect@H@2@@Z)
     1>PickupObject.obj : error LNK2001: unresolved external symbol "__declspec(dllimport) public: void __thiscall sf::Sprite::setTextureRect(class sf::Rect<int> const &)" (__imp_?setTextureRect@Sprite@sf@@QAEXABV?$Rect@H@2@@Z)
     1>Player.obj : error LNK2001: unresolved external symbol "__declspec(dllimport) public: void __thiscall sf::Sprite::setTextureRect(class sf::Rect<int> const &)" (__imp_?setTextureRect@Sprite@sf@@QAEXABV?$Rect@H@2@@Z)
     1>StartState.obj : error LNK2001: unresolved external symbol "__declspec(dllimport) public: __thiscall sf::Texture::Texture(void)" (__imp_??0Texture@sf@@QAE@XZ)
     1>Level.obj : error LNK2019: unresolved external symbol "__declspec(dllimport) public: __thiscall sf::Texture::Texture(void)" (__imp_??0Texture@sf@@QAE@XZ) referenced in function "public: void __thiscall Resources<class sf::Texture,enum Textures::Type>::load(enum Textures::Type,class std::basic_string<char,struct std::char_traits<char>,class std::allocator<char> >)" (?load@?$Resources@VTexture@sf@@W4Type@Textures@@@@QAEXW4Type@Textures@@V?$basic_string@DU?$char_traits@D@std@@V?$allocator@D@2@@std@@@Z)
     1>LogoState.obj : error LNK2001: unresolved external symbol "__declspec(dllimport) public: __thiscall sf::Texture::Texture(void)" (__imp_??0Texture@sf@@QAE@XZ)
     1>Map.obj : error LNK2001: unresolved external symbol "__declspec(dllimport) public: __thiscall sf::Texture::Texture(void)" (__imp_??0Texture@sf@@QAE@XZ)
     1>ScreenEffect.obj : error LNK2001: unresolved external symbol "__declspec(dllimport) public: __thiscall sf::Texture::Texture(void)" (__imp_??0Texture@sf@@QAE@XZ)
     1>Level.obj : error LNK2019: unresolved external symbol "__declspec(dllimport) public: bool __thiscall sf::Texture::loadFromFile(class std::basic_string<char,struct std::char_traits<char>,class std::allocator<char> > const &,class sf::Rect<int> const &)" (__imp_?loadFromFile@Texture@sf@@QAE_NABV?$basic_string@DU?$char_traits@D@std@@V?$allocator@D@2@@std@@ABV?$Rect@H@2@@Z) referenced in function "public: void __thiscall Resources<class sf::Texture,enum Textures::Type>::load(enum Textures::Type,class std::basic_string<char,struct std::char_traits<char>,class std::allocator<char> >)" (?load@?$Resources@VTexture@sf@@W4Type@Textures@@@@QAEXW4Type@Textures@@V?$basic_string@DU?$char_traits@D@std@@V?$allocator@D@2@@std@@@Z)
     1>LogoState.obj : error LNK2001: unresolved external symbol "__declspec(dllimport) public: bool __thiscall sf::Texture::loadFromFile(class std::basic_string<char,struct std::char_traits<char>,class std::allocator<char> > const &,class sf::Rect<int> const &)" (__imp_?loadFromFile@Texture@sf@@QAE_NABV?$basic_string@DU?$char_traits@D@std@@V?$allocator@D@2@@std@@ABV?$Rect@H@2@@Z)
     1>Map.obj : error LNK2001: unresolved external symbol "__declspec(dllimport) public: bool __thiscall sf::Texture::loadFromFile(class std::basic_string<char,struct std::char_traits<char>,class std::allocator<char> > const &,class sf::Rect<int> const &)" (__imp_?loadFromFile@Texture@sf@@QAE_NABV?$basic_string@DU?$char_traits@D@std@@V?$allocator@D@2@@std@@ABV?$Rect@H@2@@Z)
     1>StartState.obj : error LNK2001: unresolved external symbol "__declspec(dllimport) public: bool __thiscall sf::Texture::loadFromFile(class std::basic_string<char,struct std::char_traits<char>,class std::allocator<char> > const &,class sf::Rect<int> const &)" (__imp_?loadFromFile@Texture@sf@@QAE_NABV?$basic_string@DU?$char_traits@D@std@@V?$allocator@D@2@@std@@ABV?$Rect@H@2@@Z)
     1>ScreenEffect.obj : error LNK2001: unresolved external symbol "__declspec(dllimport) public: virtual __thiscall sf::Drawable::~Drawable(void)" (__imp_??1Drawable@sf@@UAE@XZ)
     1>Level.obj : error LNK2019: unresolved external symbol "__declspec(dllimport) public: virtual __thiscall sf::Drawable::~Drawable(void)" (__imp_??1Drawable@sf@@UAE@XZ) referenced in function "public: virtual __thiscall TMX::Map::~Map(void)" (??1Map@TMX@@UAE@XZ)
     1>LogoState.obj : error LNK2001: unresolved external symbol "__declspec(dllimport) public: virtual __thiscall sf::Drawable::~Drawable(void)" (__imp_??1Drawable@sf@@UAE@XZ)
     1>Map.obj : error LNK2001: unresolved external symbol "__declspec(dllimport) public: virtual __thiscall sf::Drawable::~Drawable(void)" (__imp_??1Drawable@sf@@UAE@XZ)
     1>SceneNode.obj : error LNK2001: unresolved external symbol "__declspec(dllimport) public: virtual __thiscall sf::Drawable::~Drawable(void)" (__imp_??1Drawable@sf@@UAE@XZ)
     1>ScreenEffect.obj : error LNK2001: unresolved external symbol "__declspec(dllimport) public: virtual __thiscall sf::Transformable::~Transformable(void)" (__imp_??1Transformable@sf@@UAE@XZ)
     1>Level.obj : error LNK2019: unresolved external symbol "__declspec(dllimport) public: virtual __thiscall sf::Transformable::~Transformable(void)" (__imp_??1Transformable@sf@@UAE@XZ) referenced in function "public: virtual __thiscall TMX::Map::~Map(void)" (??1Map@TMX@@UAE@XZ)
     1>LogoState.obj : error LNK2001: unresolved external symbol "__declspec(dllimport) public: virtual __thiscall sf::Transformable::~Transformable(void)" (__imp_??1Transformable@sf@@UAE@XZ)
     1>Map.obj : error LNK2001: unresolved external symbol "__declspec(dllimport) public: virtual __thiscall sf::Transformable::~Transformable(void)" (__imp_??1Transformable@sf@@UAE@XZ)
     1>SceneNode.obj : error LNK2001: unresolved external symbol "__declspec(dllimport) public: virtual __thiscall sf::Transformable::~Transformable(void)" (__imp_??1Transformable@sf@@UAE@XZ)
     1>Level.obj : error LNK2019: unresolved external symbol "__declspec(dllimport) public: virtual __thiscall sf::VertexArray::~VertexArray(void)" (__imp_??1VertexArray@sf@@UAE@XZ) referenced in function "public: __thiscall Layer::~Layer(void)" (??1Layer@@QAE@XZ)
     1>Map.obj : error LNK2001: unresolved external symbol "__declspec(dllimport) public: virtual __thiscall sf::VertexArray::~VertexArray(void)" (__imp_??1VertexArray@sf@@UAE@XZ)
     1>Level.obj : error LNK2019: unresolved external symbol "__declspec(dllimport) public: __thiscall sf::RectangleShape::RectangleShape(class sf::Vector2<float> const &)" (__imp_??0RectangleShape@sf@@QAE@ABV?$Vector2@M@1@@Z) referenced in function "public: void __thiscall Level::createScene(void)" (?createScene@Level@@QAEXXZ)
     1>LogoState.obj : error LNK2001: unresolved external symbol "__declspec(dllimport) public: __thiscall sf::RectangleShape::RectangleShape(class sf::Vector2<float> const &)" (__imp_??0RectangleShape@sf@@QAE@ABV?$Vector2@M@1@@Z)
     1>ScreenEffect.obj : error LNK2001: unresolved external symbol "__declspec(dllimport) public: __thiscall sf::RectangleShape::RectangleShape(class sf::Vector2<float> const &)" (__imp_??0RectangleShape@sf@@QAE@ABV?$Vector2@M@1@@Z)
     1>Level.obj : error LNK2019: unresolved external symbol "__declspec(dllimport) public: void __thiscall sf::Sprite::setTexture(class sf::Texture const &,bool)" (__imp_?setTexture@Sprite@sf@@QAEXABVTexture@2@_N@Z) referenced in function "public: void __thiscall Entity::setTexture(class sf::Texture &)" (?setTexture@Entity@@QAEXAAVTexture@sf@@@Z)
     1>LogoState.obj : error LNK2001: unresolved external symbol "__declspec(dllimport) public: void __thiscall sf::Sprite::setTexture(class sf::Texture const &,bool)" (__imp_?setTexture@Sprite@sf@@QAEXABVTexture@2@_N@Z)
     1>ScreenEffect.obj : error LNK2001: unresolved external symbol "__declspec(dllimport) public: void __thiscall sf::Sprite::setTexture(class sf::Texture const &,bool)" (__imp_?setTexture@Sprite@sf@@QAEXABVTexture@2@_N@Z)
     1>Level.obj : error LNK2019: unresolved external symbol "__declspec(dllimport) public: __thiscall sf::SoundBuffer::SoundBuffer(void)" (__imp_??0SoundBuffer@sf@@QAE@XZ) referenced in function "public: void __thiscall Resources<class sf::SoundBuffer,enum SoundEffect::Type>::load(enum SoundEffect::Type,class std::basic_string<char,struct std::char_traits<char>,class std::allocator<char> >)" (?load@?$Resources@VSoundBuffer@sf@@W4Type@SoundEffect@@@@QAEXW4Type@SoundEffect@@V?$basic_string@DU?$char_traits@D@std@@V?$allocator@D@2@@std@@@Z)
     1>SoundNode.obj : error LNK2001: unresolved external symbol "__declspec(dllimport) public: __thiscall sf::SoundBuffer::SoundBuffer(void)" (__imp_??0SoundBuffer@sf@@QAE@XZ)
     1>Level.obj : error LNK2019: unresolved external symbol "__declspec(dllimport) public: __thiscall sf::SoundBuffer::~SoundBuffer(void)" (__imp_??1SoundBuffer@sf@@QAE@XZ) referenced in function "public: void * __thiscall sf::SoundBuffer::`scalar deleting destructor'(unsigned int)" (??_GSoundBuffer@sf@@QAEPAXI@Z)
     1>SoundNode.obj : error LNK2001: unresolved external symbol "__declspec(dllimport) public: __thiscall sf::SoundBuffer::~SoundBuffer(void)" (__imp_??1SoundBuffer@sf@@QAE@XZ)
     1>Level.obj : error LNK2019: unresolved external symbol "__declspec(dllimport) public: bool __thiscall sf::SoundBuffer::loadFromFile(class std::basic_string<char,struct std::char_traits<char>,class std::allocator<char> > const &)" (__imp_?loadFromFile@SoundBuffer@sf@@QAE_NABV?$basic_string@DU?$char_traits@D@std@@V?$allocator@D@2@@std@@@Z) referenced in function "public: void __thiscall Resources<class sf::SoundBuffer,enum SoundEffect::Type>::load(enum SoundEffect::Type,class std::basic_string<char,struct std::char_traits<char>,class std::allocator<char> >)" (?load@?$Resources@VSoundBuffer@sf@@W4Type@SoundEffect@@@@QAEXW4Type@SoundEffect@@V?$basic_string@DU?$char_traits@D@std@@V?$allocator@D@2@@std@@@Z)
     1>Level.obj : error LNK2001: unresolved external symbol "__declspec(dllimport) public: static class sf::Color const sf::Color::White" (__imp_?White@Color@sf@@2V12@B)
     1>StartState.obj : error LNK2001: unresolved external symbol "__declspec(dllimport) public: static class sf::Color const sf::Color::White" (__imp_?White@Color@sf@@2V12@B)
     1>LogoState.obj : error LNK2019: unresolved external symbol "__declspec(dllimport) public: __thiscall sf::Color::Color(void)" (__imp_??0Color@sf@@QAE@XZ) referenced in function "public: __thiscall ScreenEffect::ScreenEffect(void)" (??0ScreenEffect@@QAE@XZ)
     1>ScreenEffect.obj : error LNK2001: unresolved external symbol "__declspec(dllimport) public: __thiscall sf::Color::Color(void)" (__imp_??0Color@sf@@QAE@XZ)
     1>LogoState.obj : error LNK2019: unresolved external symbol "__declspec(dllimport) public: __thiscall sf::Drawable::Drawable(void)" (__imp_??0Drawable@sf@@QAE@XZ) referenced in function "public: __thiscall ScreenEffect::ScreenEffect(void)" (??0ScreenEffect@@QAE@XZ)
     1>Map.obj : error LNK2001: unresolved external symbol "__declspec(dllimport) public: __thiscall sf::Drawable::Drawable(void)" (__imp_??0Drawable@sf@@QAE@XZ)
     1>SceneNode.obj : error LNK2001: unresolved external symbol "__declspec(dllimport) public: __thiscall sf::Drawable::Drawable(void)" (__imp_??0Drawable@sf@@QAE@XZ)
     1>ScreenEffect.obj : error LNK2001: unresolved external symbol "__declspec(dllimport) public: __thiscall sf::Drawable::Drawable(void)" (__imp_??0Drawable@sf@@QAE@XZ)
     1>LogoState.obj : error LNK2019: unresolved external symbol "__declspec(dllimport) public: __thiscall sf::Transformable::Transformable(void)" (__imp_??0Transformable@sf@@QAE@XZ) referenced in function "public: __thiscall ScreenEffect::ScreenEffect(void)" (??0ScreenEffect@@QAE@XZ)
     1>Map.obj : error LNK2001: unresolved external symbol "__declspec(dllimport) public: __thiscall sf::Transformable::Transformable(void)" (__imp_??0Transformable@sf@@QAE@XZ)
     1>SceneNode.obj : error LNK2001: unresolved external symbol "__declspec(dllimport) public: __thiscall sf::Transformable::Transformable(void)" (__imp_??0Transformable@sf@@QAE@XZ)
     1>ScreenEffect.obj : error LNK2001: unresolved external symbol "__declspec(dllimport) public: __thiscall sf::Transformable::Transformable(void)" (__imp_??0Transformable@sf@@QAE@XZ)
     1>LogoState.obj : error LNK2019: unresolved external symbol "__declspec(dllimport) public: virtual __thiscall sf::RectangleShape::~RectangleShape(void)" (__imp_??1RectangleShape@sf@@UAE@XZ) referenced in function __unwindfunclet$??0ScreenEffect@@QAE@XZ$4
     1>ScreenEffect.obj : error LNK2001: unresolved external symbol "__declspec(dllimport) public: virtual __thiscall sf::RectangleShape::~RectangleShape(void)" (__imp_??1RectangleShape@sf@@UAE@XZ)
     1>Warp.obj : error LNK2001: unresolved external symbol "__declspec(dllimport) public: virtual __thiscall sf::RectangleShape::~RectangleShape(void)" (__imp_??1RectangleShape@sf@@UAE@XZ)
     1>LogoState.obj : error LNK2001: unresolved external symbol "__declspec(dllimport) public: static class sf::RenderStates const sf::RenderStates::Default" (__imp_?Default@RenderStates@sf@@2V12@B)
     1>StartState.obj : error LNK2001: unresolved external symbol "__declspec(dllimport) public: static class sf::RenderStates const sf::RenderStates::Default" (__imp_?Default@RenderStates@sf@@2V12@B)
     1>World.obj : error LNK2001: unresolved external symbol "__declspec(dllimport) public: static class sf::RenderStates const sf::RenderStates::Default" (__imp_?Default@RenderStates@sf@@2V12@B)
     1>Map.obj : error LNK2019: unresolved external symbol "__declspec(dllimport) public: __thiscall sf::Texture::Texture(class sf::Texture const &)" (__imp_??0Texture@sf@@QAE@ABV01@@Z) referenced in function "public: __thiscall Layer::Layer(struct Layer const &)" (??0Layer@@QAE@ABU0@@Z)
     1>Map.obj : error LNK2019: unresolved external symbol "__declspec(dllimport) public: class sf::Vector2<unsigned int> __thiscall sf::Texture::getSize(void)const " (__imp_?getSize@Texture@sf@@QBE?AV?$Vector2@I@2@XZ) referenced in function "public: void __thiscall TMX::Map::load_layers(class std::basic_string<char,struct std::char_traits<char>,class std::allocator<char> >,class std::vector<class std::vector<int,class std::allocator<int> >,class std::allocator<class std::vector<int,class std::allocator<int> > > > &,unsigned int,unsigned int,int)" (?load_layers@Map@TMX@@QAEXV?$basic_string@DU?$char_traits@D@std@@V?$allocator@D@2@@std@@AAV?$vector@V?$vector@HV?$allocator@H@std@@@std@@V?$allocator@V?$vector@HV?$allocator@H@std@@@std@@@2@@4@IIH@Z)
     1>Map.obj : error LNK2019: unresolved external symbol "__declspec(dllimport) class sf::Transform & __cdecl sf::operator*=(class sf::Transform &,class sf::Transform const &)" (__imp_??Xsf@@YAAAVTransform@0@AAV10@ABV10@@Z) referenced in function "public: void __thiscall TMX::Map::draw_layer(class sf::RenderTarget &,class sf::RenderStates,int)const " (?draw_layer@Map@TMX@@QBEXAAVRenderTarget@sf@@VRenderStates@4@H@Z)
     1>SceneNode.obj : error LNK2001: unresolved external symbol "__declspec(dllimport) class sf::Transform & __cdecl sf::operator*=(class sf::Transform &,class sf::Transform const &)" (__imp_??Xsf@@YAAAVTransform@0@AAV10@ABV10@@Z)
     1>ScreenEffect.obj : error LNK2001: unresolved external symbol "__declspec(dllimport) class sf::Transform & __cdecl sf::operator*=(class sf::Transform &,class sf::Transform const &)" (__imp_??Xsf@@YAAAVTransform@0@AAV10@ABV10@@Z)
     1>Map.obj : error LNK2019: unresolved external symbol "__declspec(dllimport) public: class sf::Transform const & __thiscall sf::Transformable::getTransform(void)const " (__imp_?getTransform@Transformable@sf@@QBEABVTransform@2@XZ) referenced in function "public: void __thiscall TMX::Map::draw_layer(class sf::RenderTarget &,class sf::RenderStates,int)const " (?draw_layer@Map@TMX@@QBEXAAVRenderTarget@sf@@VRenderStates@4@H@Z)
     1>SceneNode.obj : error LNK2001: unresolved external symbol "__declspec(dllimport) public: class sf::Transform const & __thiscall sf::Transformable::getTransform(void)const " (__imp_?getTransform@Transformable@sf@@QBEABVTransform@2@XZ)
     1>ScreenEffect.obj : error LNK2001: unresolved external symbol "__declspec(dllimport) public: class sf::Transform const & __thiscall sf::Transformable::getTransform(void)const " (__imp_?getTransform@Transformable@sf@@QBEABVTransform@2@XZ)
     1>Map.obj : error LNK2019: unresolved external symbol "__declspec(dllimport) public: __thiscall sf::VertexArray::VertexArray(void)" (__imp_??0VertexArray@sf@@QAE@XZ) referenced in function "public: __thiscall Layer::Layer(void)" (??0Layer@@QAE@XZ)
     1>Map.obj : error LNK2019: unresolved external symbol "__declspec(dllimport) public: class sf::Vertex & __thiscall sf::VertexArray::operator[](unsigned int)" (__imp_??AVertexArray@sf@@QAEAAVVertex@1@I@Z) referenced in function "public: void __thiscall TMX::Map::load_layers(class std::basic_string<char,struct std::char_traits<char>,class std::allocator<char> >,class std::vector<class std::vector<int,class std::allocator<int> >,class std::allocator<class std::vector<int,class std::allocator<int> > > > &,unsigned int,unsigned int,int)" (?load_layers@Map@TMX@@QAEXV?$basic_string@DU?$char_traits@D@std@@V?$allocator@D@2@@std@@AAV?$vector@V?$vector@HV?$allocator@H@std@@@std@@V?$allocator@V?$vector@HV?$allocator@H@std@@@std@@@2@@4@IIH@Z)
     1>Map.obj : error LNK2019: unresolved external symbol "__declspec(dllimport) public: void __thiscall sf::VertexArray::resize(unsigned int)" (__imp_?resize@VertexArray@sf@@QAEXI@Z) referenced in function "public: void __thiscall TMX::Map::load_layers(class std::basic_string<char,struct std::char_traits<char>,class std::allocator<char> >,class std::vector<class std::vector<int,class std::allocator<int> >,class std::allocator<class std::vector<int,class std::allocator<int> > > > &,unsigned int,unsigned int,int)" (?load_layers@Map@TMX@@QAEXV?$basic_string@DU?$char_traits@D@std@@V?$allocator@D@2@@std@@AAV?$vector@V?$vector@HV?$allocator@H@std@@@std@@V?$allocator@V?$vector@HV?$allocator@H@std@@@std@@@2@@4@IIH@Z)
     1>Map.obj : error LNK2019: unresolved external symbol "__declspec(dllimport) public: void __thiscall sf::VertexArray::setPrimitiveType(enum sf::PrimitiveType)" (__imp_?setPrimitiveType@VertexArray@sf@@QAEXW4PrimitiveType@2@@Z) referenced in function "public: void __thiscall TMX::Map::load_layers(class std::basic_string<char,struct std::char_traits<char>,class std::allocator<char> >,class std::vector<class std::vector<int,class std::allocator<int> >,class std::allocator<class std::vector<int,class std::allocator<int> > > > &,unsigned int,unsigned int,int)" (?load_layers@Map@TMX@@QAEXV?$basic_string@DU?$char_traits@D@std@@V?$allocator@D@2@@std@@AAV?$vector@V?$vector@HV?$allocator@H@std@@@std@@V?$allocator@V?$vector@HV?$allocator@H@std@@@std@@@2@@4@IIH@Z)
     1>Map.obj : error LNK2019: unresolved external symbol "__declspec(dllimport) public: __thiscall sf::VertexArray::VertexArray(class sf::VertexArray const &)" (__imp_??0VertexArray@sf@@QAE@ABV01@@Z) referenced in function "public: __thiscall Layer::Layer(struct Layer const &)" (??0Layer@@QAE@ABU0@@Z)
     1>Pacman.obj : error LNK2019: unresolved external symbol "__declspec(dllimport) public: class sf::Rect<float> __thiscall sf::Sprite::getLocalBounds(void)const " (__imp_?getLocalBounds@Sprite@sf@@QBE?AV?$Rect@M@2@XZ) referenced in function "public: __thiscall Pacman::Pacman(void)" (??0Pacman@@QAE@XZ)
     1>PickupObject.obj : error LNK2001: unresolved external symbol "__declspec(dllimport) public: class sf::Rect<float> __thiscall sf::Sprite::getLocalBounds(void)const " (__imp_?getLocalBounds@Sprite@sf@@QBE?AV?$Rect@M@2@XZ)
     1>SceneNode.obj : error LNK2019: unresolved external symbol "__declspec(dllimport) protected: __thiscall sf::NonCopyable::NonCopyable(void)" (__imp_??0NonCopyable@sf@@IAE@XZ) referenced in function "public: __thiscall SceneNode::SceneNode(void)" (??0SceneNode@@QAE@XZ)
     1>StateStack.obj : error LNK2001: unresolved external symbol "__declspec(dllimport) protected: __thiscall sf::NonCopyable::NonCopyable(void)" (__imp_??0NonCopyable@sf@@IAE@XZ)
     1>SceneNode.obj : error LNK2019: unresolved external symbol "__declspec(dllimport) class sf::Transform __cdecl sf::operator*(class sf::Transform const &,class sf::Transform const &)" (__imp_??Dsf@@YA?AVTransform@0@ABV10@0@Z) referenced in function "public: class sf::Transform __thiscall SceneNode::getWorldTransform(void)" (?getWorldTransform@SceneNode@@QAE?AVTransform@sf@@XZ)
     1>SceneNode.obj : error LNK2001: unresolved external symbol "__declspec(dllimport) public: static class sf::Transform const sf::Transform::Identity" (__imp_?Identity@Transform@sf@@2V12@B)
     1>ScreenAffectors.obj : error LNK2019: unresolved external symbol "__declspec(dllimport) public: int __thiscall sf::Time::asMilliseconds(void)const " (__imp_?asMilliseconds@Time@sf@@QBEHXZ) referenced in function "public: void __thiscall <lambda_f9719a749d3cae4665a17594f40cb434>::operator()(class ScreenEffect &,class sf::Time)" (??R<lambda_f9719a749d3cae4665a17594f40cb434>@@QAEXAAVScreenEffect@@VTime@sf@@@Z)
     1>ScreenAffectors.obj : error LNK2019: unresolved external symbol "__declspec(dllimport) public: void __thiscall sf::Shape::setFillColor(class sf::Color const &)" (__imp_?setFillColor@Shape@sf@@QAEXABVColor@2@@Z) referenced in function "public: void __thiscall ScreenEffect::setAlpha(unsigned char)" (?setAlpha@ScreenEffect@@QAEXE@Z)
     1>ScreenEffect.obj : error LNK2001: unresolved external symbol "__declspec(dllimport) public: void __thiscall sf::Shape::setFillColor(class sf::Color const &)" (__imp_?setFillColor@Shape@sf@@QAEXABVColor@2@@Z)
     1>ScreenAffectors.obj : error LNK2019: unresolved external symbol "__declspec(dllimport) public: void __thiscall sf::Sprite::setColor(class sf::Color const &)" (__imp_?setColor@Sprite@sf@@QAEXABVColor@2@@Z) referenced in function "public: void __thiscall ScreenEffect::setAlpha(unsigned char)" (?setAlpha@ScreenEffect@@QAEXE@Z)
     1>ScreenEffect.obj : error LNK2001: unresolved external symbol "__declspec(dllimport) public: void __thiscall sf::Sprite::setColor(class sf::Color const &)" (__imp_?setColor@Sprite@sf@@QAEXABVColor@2@@Z)
     1>ScreenEffect.obj : error LNK2019: unresolved external symbol "__declspec(dllimport) public: __thiscall sf::Image::Image(void)" (__imp_??0Image@sf@@QAE@XZ) referenced in function "public: __thiscall ScreenEffect::ScreenEffect(class sf::Vector2<unsigned int>,class sf::Color)" (??0ScreenEffect@@QAE@V?$Vector2@I@sf@@VColor@2@@Z)
     1>ScreenEffect.obj : error LNK2019: unresolved external symbol "__declspec(dllimport) public: void __thiscall sf::Image::create(unsigned int,unsigned int,class sf::Color const &)" (__imp_?create@Image@sf@@QAEXIIABVColor@2@@Z) referenced in function "public: __thiscall ScreenEffect::ScreenEffect(class sf::Vector2<unsigned int>,class sf::Color)" (??0ScreenEffect@@QAE@V?$Vector2@I@sf@@VColor@2@@Z)
     1>ScreenEffect.obj : error LNK2019: unresolved external symbol "__declspec(dllimport) public: __thiscall sf::Image::~Image(void)" (__imp_??1Image@sf@@QAE@XZ) referenced in function "public: __thiscall ScreenEffect::ScreenEffect(class sf::Vector2<unsigned int>,class sf::Color)" (??0ScreenEffect@@QAE@V?$Vector2@I@sf@@VColor@2@@Z)
     1>ScreenEffect.obj : error LNK2019: unresolved external symbol "__declspec(dllimport) public: bool __thiscall sf::Texture::loadFromImage(class sf::Image const &,class sf::Rect<int> const &)" (__imp_?loadFromImage@Texture@sf@@QAE_NABVImage@2@ABV?$Rect@H@2@@Z) referenced in function "public: __thiscall ScreenEffect::ScreenEffect(class sf::Vector2<unsigned int>,class sf::Color)" (??0ScreenEffect@@QAE@V?$Vector2@I@sf@@VColor@2@@Z)
     1>ScreenEffect.obj : error LNK2019: unresolved external symbol "__declspec(dllimport) public: void __thiscall sf::RectangleShape::setSize(class sf::Vector2<float> const &)" (__imp_?setSize@RectangleShape@sf@@QAEXABV?$Vector2@M@2@@Z) referenced in function "public: void __thiscall ScreenEffect::addClearRectangle(class sf::Vector2<unsigned int>)" (?addClearRectangle@ScreenEffect@@QAEXV?$Vector2@I@sf@@@Z)
     1>ScreenEffect.obj : error LNK2001: unresolved external symbol "__declspec(dllimport) public: static class sf::Color const sf::Color::Black" (__imp_?Black@Color@sf@@2V12@B)
     1>SoundNode.obj : error LNK2019: unresolved external symbol "__declspec(dllimport) public: void __thiscall sf::SoundSource::setPitch(float)" (__imp_?setPitch@SoundSource@sf@@QAEXM@Z) referenced in function "public: void __thiscall SoundNode::setPitch(float)" (?setPitch@SoundNode@@QAEXM@Z)
     1>SoundNode.obj : error LNK2019: unresolved external symbol "__declspec(dllimport) public: __thiscall sf::Sound::Sound(void)" (__imp_??0Sound@sf@@QAE@XZ) referenced in function "public: __thiscall SoundNode::SoundNode(enum SoundEffect::Type,class Resources<class sf::SoundBuffer,enum SoundEffect::Type> &)" (??0SoundNode@@QAE@W4Type@SoundEffect@@AAV?$Resources@VSoundBuffer@sf@@W4Type@SoundEffect@@@@@Z)
     1>SoundNode.obj : error LNK2019: unresolved external symbol "__declspec(dllimport) public: __thiscall sf::Sound::Sound(class sf::SoundBuffer const &)" (__imp_??0Sound@sf@@QAE@ABVSoundBuffer@1@@Z) referenced in function "public: __thiscall SoundNode::SoundNode(enum SoundEffect::Type,enum SoundEffect::Type,class Resources<class sf::SoundBuffer,enum SoundEffect::Type> &)" (??0SoundNode@@QAE@W4Type@SoundEffect@@0AAV?$Resources@VSoundBuffer@sf@@W4Type@SoundEffect@@@@@Z)
     1>SoundNode.obj : error LNK2019: unresolved external symbol "__declspec(dllimport) public: virtual __thiscall sf::Sound::~Sound(void)" (__imp_??1Sound@sf@@UAE@XZ) referenced in function __unwindfunclet$??0SoundNode@@QAE@W4Type@SoundEffect@@0AAV?$Resources@VSoundBuffer@sf@@W4Type@SoundEffect@@@@@Z$1
     1>SoundNode.obj : error LNK2019: unresolved external symbol "__declspec(dllimport) public: void __thiscall sf::Sound::play(void)" (__imp_?play@Sound@sf@@QAEXXZ) referenced in function "public: void __thiscall SoundNode::play(void)" (?play@SoundNode@@QAEXXZ)
     1>SoundNode.obj : error LNK2019: unresolved external symbol "__declspec(dllimport) public: void __thiscall sf::Sound::stop(void)" (__imp_?stop@Sound@sf@@QAEXXZ) referenced in function "public: void __thiscall SoundNode::stop(void)" (?stop@SoundNode@@QAEXXZ)
     1>SoundNode.obj : error LNK2019: unresolved external symbol "__declspec(dllimport) public: void __thiscall sf::Sound::setLoop(bool)" (__imp_?setLoop@Sound@sf@@QAEX_N@Z) referenced in function "public: void __thiscall SoundNode::setLoop(bool)" (?setLoop@SoundNode@@QAEX_N@Z)
     1>SoundNode.obj : error LNK2019: unresolved external symbol "__declspec(dllimport) public: enum sf::SoundSource::Status __thiscall sf::Sound::getStatus(void)const " (__imp_?getStatus@Sound@sf@@QBE?AW4Status@SoundSource@2@XZ) referenced in function "public: void __thiscall SoundNode::play(void)" (?play@SoundNode@@QAEXXZ)
     1>Text.obj : error LNK2019: unresolved external symbol "__declspec(dllimport) public: __thiscall sf::Font::Font(void)" (__imp_??0Font@sf@@QAE@XZ) referenced in function "public: __thiscall Text::Text(class std::basic_string<char,struct std::char_traits<char>,class std::allocator<char> >,class std::basic_string<char,struct std::char_traits<char>,class std::allocator<char> >,unsigned int,enum TextType,class sf::Color)" (??0Text@@QAE@V?$basic_string@DU?$char_traits@D@std@@V?$allocator@D@2@@std@@0IW4TextType@@VColor@sf@@@Z)
     1>Text.obj : error LNK2019: unresolved external symbol "__declspec(dllimport) public: __thiscall sf::Font::~Font(void)" (__imp_??1Font@sf@@QAE@XZ) referenced in function __unwindfunclet$??0Text@@QAE@V?$basic_string@DU?$char_traits@D@std@@V?$allocator@D@2@@std@@0IW4TextType@@VColor@sf@@@Z$4
     1>Text.obj : error LNK2019: unresolved external symbol "__declspec(dllimport) public: bool __thiscall sf::Font::loadFromFile(class std::basic_string<char,struct std::char_traits<char>,class std::allocator<char> > const &)" (__imp_?loadFromFile@Font@sf@@QAE_NABV?$basic_string@DU?$char_traits@D@std@@V?$allocator@D@2@@std@@@Z) referenced in function "public: __thiscall Text::Text(class std::basic_string<char,struct std::char_traits<char>,class std::allocator<char> >,class std::basic_string<char,struct std::char_traits<char>,class std::allocator<char> >,unsigned int,enum TextType,class sf::Color)" (??0Text@@QAE@V?$basic_string@DU?$char_traits@D@std@@V?$allocator@D@2@@std@@0IW4TextType@@VColor@sf@@@Z)
     1>Text.obj : error LNK2019: unresolved external symbol "__declspec(dllimport) public: __thiscall sf::Text::Text(void)" (__imp_??0Text@sf@@QAE@XZ) referenced in function "public: __thiscall Text::Text(class std::basic_string<char,struct std::char_traits<char>,class std::allocator<char> >,class std::basic_string<char,struct std::char_traits<char>,class std::allocator<char> >,unsigned int,enum TextType,class sf::Color)" (??0Text@@QAE@V?$basic_string@DU?$char_traits@D@std@@V?$allocator@D@2@@std@@0IW4TextType@@VColor@sf@@@Z)
     1>Text.obj : error LNK2019: unresolved external symbol "__declspec(dllimport) public: void __thiscall sf::Text::setFont(class sf::Font const &)" (__imp_?setFont@Text@sf@@QAEXABVFont@2@@Z) referenced in function "public: __thiscall Text::Text(class std::basic_string<char,struct std::char_traits<char>,class std::allocator<char> >,class std::basic_string<char,struct std::char_traits<char>,class std::allocator<char> >,unsigned int,enum TextType,class sf::Color)" (??0Text@@QAE@V?$basic_string@DU?$char_traits@D@std@@V?$allocator@D@2@@std@@0IW4TextType@@VColor@sf@@@Z)
     1>Text.obj : error LNK2019: unresolved external symbol "__declspec(dllimport) public: void __thiscall sf::Text::setCharacterSize(unsigned int)" (__imp_?setCharacterSize@Text@sf@@QAEXI@Z) referenced in function "public: __thiscall Text::Text(class std::basic_string<char,struct std::char_traits<char>,class std::allocator<char> >,class std::basic_string<char,struct std::char_traits<char>,class std::allocator<char> >,unsigned int,enum TextType,class sf::Color)" (??0Text@@QAE@V?$basic_string@DU?$char_traits@D@std@@V?$allocator@D@2@@std@@0IW4TextType@@VColor@sf@@@Z)
     1>Text.obj : error LNK2019: unresolved external symbol "__declspec(dllimport) public: void __thiscall sf::Text::setColor(class sf::Color const &)" (__imp_?setColor@Text@sf@@QAEXABVColor@2@@Z) referenced in function "public: __thiscall Text::Text(class std::basic_string<char,struct std::char_traits<char>,class std::allocator<char> >,class std::basic_string<char,struct std::char_traits<char>,class std::allocator<char> >,unsigned int,enum TextType,class sf::Color)" (??0Text@@QAE@V?$basic_string@DU?$char_traits@D@std@@V?$allocator@D@2@@std@@0IW4TextType@@VColor@sf@@@Z)
     1>Text.obj : error LNK2019: unresolved external symbol "__declspec(dllimport) public: virtual __thiscall sf::Text::~Text(void)" (__imp_??1Text@sf@@UAE@XZ) referenced in function __unwindfunclet$??0Text@@QAE@V?$basic_string@DU?$char_traits@D@std@@V?$allocator@D@2@@std@@0IW4TextType@@VColor@sf@@@Z$3
     1>Warp.obj : error LNK2019: unresolved external symbol "__declspec(dllimport) public: class sf::Rect<float> __thiscall sf::Shape::getGlobalBounds(void)const " (__imp_?getGlobalBounds@Shape@sf@@QBE?AV?$Rect@M@2@XZ) referenced in function "public: class sf::Rect<float> __thiscall Warp::getGlobalRect(void)" (?getGlobalRect@Warp@@QAE?AV?$Rect@M@sf@@XZ)
     1>Warp.obj : error LNK2019: unresolved external symbol "__declspec(dllimport) public: __thiscall sf::RectangleShape::RectangleShape(class sf::RectangleShape const &)" (__imp_??0RectangleShape@sf@@QAE@ABV01@@Z) referenced in function "public: __thiscall Warp::Warp(class sf::RectangleShape)" (??0Warp@@QAE@VRectangleShape@sf@@@Z)
     1>C:\Users\Samael\Desktop\game scripting\Game scripting test 2\Debug\SFML template.exe : fatal error LNK1120: 98 unresolved externals
     1>Done Building Project "C:\Users\Samael\Desktop\game scripting\Game scripting test 2\SFML template\SFML template.vcxproj" (Build target(s)) -- FAILED.

Build FAILED.

Time Elapsed 00:00:40.51
